
> angular-seed@0.0.0 postinstall /home/craig/gocode/src/github.com/cswank/quimby/cmd/quimby/www
> bower install

[4mRunning "copy:main" (copy) task[24m
Created [36m179[39m directories, copied [36m757[39m files

[4mRunning "copy:shims" (copy) task[24m


[4mRunning "useminPrepare:html" (useminPrepare) task[24m
Going through [36mapp/index.html[39m to update the config
Looking for build script HTML comment blocks

[1mConfiguration is now:[22m

[1m  concat:[22m
  { generated: 
   { files: 
      [ { dest: [32m'.tmp/concat/css/quimby.min.css'[39m,
          src: 
           [ [32m'app/bower_components/html5-boilerplate/dist/css/normalize.css'[39m,
             [32m'app/bower_components/html5-boilerplate/dist/css/main.css'[39m,
             [32m'app/bower_components/angular-material/angular-material.css'[39m,
             [32m'app/bower_components/nvd3/nv.d3.css'[39m,
             [32m'app/https:/fonts.googleapis.com/icon?family=Material+Icons'[39m,
             [32m'app/app.css'[39m ] },
        { dest: [32m'.tmp/concat/js/quimby.min.js'[39m,
          src: 
           [ [32m'app/bower_components/angular/angular.js'[39m,
             [32m'app/bower_components/angular-route/angular-route.js'[39m,
             [32m'app/bower_components/angular-animate/angular-animate.js'[39m,
             [32m'app/bower_components/angular-aria/angular-aria.js'[39m,
             [32m'app/bower_components/angular-material/angular-material.js'[39m,
             [32m'app/bower_components/underscore/underscore.js'[39m,
             [32m'app/bower_components/ngstorage/ngStorage.js'[39m,
             [32m'app/bower_components/moment/moment.js'[39m,
             [32m'app/bower_components/angular-moment/angular-moment.js'[39m,
             [32m'app/bower_components/d3/d3.js'[39m,
             [32m'app/bower_components/nvd3/nv.d3.js'[39m,
             [32m'app/bower_components/angularjs-nvd3-directives/dist/angularjs-nvd3-directives.js'[39m,
             [32m'app/app.js'[39m,
             [32m'app/components/directives.js'[39m,
             [32m'app/components/services.js'[39m,
             [32m'app/components/filters.js'[39m,
             [32m'app/components/navbar/auth.js'[39m,
             [32m'app/components/navbar/navbar.js'[39m,
             [32m'app/admin/admin.js'[39m,
             [32m'app/admin/update.js'[39m,
             [32m'app/admin/user.js'[39m,
             [32m'app/list/list.js'[39m,
             [32m'app/gadget/gadget.js'[39m,
             [32m'app/gadget/device.js'[39m,
             [32m'app/gadget/method.js'[39m,
             [32m'app/history/history.js'[39m ] } ] } }

[1m  uglify:[22m
  { options: { report: [32m'min'[39m, mangle: [33mfalse[39m },
  generated: 
   { files: 
      [ { dest: [32m'dist/js/quimby.min.js'[39m,
          src: [ [32m'.tmp/concat/js/quimby.min.js'[39m ] } ] } }

[1m  cssmin:[22m
  { generated: 
   { files: 
      [ { dest: [32m'dist/css/quimby.min.css'[39m,
          src: [ [32m'.tmp/concat/css/quimby.min.css'[39m ] } ] } }

[4mRunning "concat:generated" (concat) task[24m
File .tmp/concat/css/quimby.min.css created.
File .tmp/concat/js/quimby.min.js created.

[4mRunning "uglify:generated" (uglify) task[24m
File "dist/js/quimby.min.js" created.
Original: [32m3210940[39m bytes.
Minified: [32m1388526[39m bytes.

[4mRunning "cssmin:generated" (cssmin) task[24m
File dist/css/quimby.min.css created.

[4mRunning "rev:files" (rev) task[24m
dist/admin/admin.js [32m>> [39m760c46a1.admin.js
dist/admin/update.js [32m>> [39m036db17b.update.js
dist/admin/user.js [32m>> [39m6dd6d35d.user.js
dist/app.js [32m>> [39mc72c0565.app.js
dist/bower_components/angular-animate/angular-animate.js [32m>> [39mc5f5a862.angular-animate.js
dist/bower_components/angular-animate/angular-animate.min.js [32m>> [39m0cecf711.angular-animate.min.js
dist/bower_components/angular-animate/index.js [32m>> [39meca59ea3.index.js
dist/bower_components/angular-aria/angular-aria.js [32m>> [39m042cb1ac.angular-aria.js
dist/bower_components/angular-aria/angular-aria.min.js [32m>> [39m5e27d74a.angular-aria.min.js
dist/bower_components/angular-aria/index.js [32m>> [39m023037d2.index.js
dist/bower_components/angular-loader/angular-loader.js [32m>> [39m8123d0df.angular-loader.js
dist/bower_components/angular-loader/angular-loader.min.js [32m>> [39m908995c2.angular-loader.min.js
dist/bower_components/angular-material/angular-material-mocks.js [32m>> [39m5e546a4d.angular-material-mocks.js
dist/bower_components/angular-material/angular-material.js [32m>> [39mc30ade3c.angular-material.js
dist/bower_components/angular-material/angular-material.min.js [32m>> [39md1760dc8.angular-material.min.js
dist/bower_components/angular-material/index.js [32m>> [39m53d8f67e.index.js
dist/bower_components/angular-material/modules/closure/autocomplete/autocomplete.js [32m>> [39mfeaffdef.autocomplete.js
dist/bower_components/angular-material/modules/closure/autocomplete/autocomplete.min.js [32m>> [39m8574d79a.autocomplete.min.js
dist/bower_components/angular-material/modules/closure/backdrop/backdrop.js [32m>> [39m09d9dd8e.backdrop.js
dist/bower_components/angular-material/modules/closure/backdrop/backdrop.min.js [32m>> [39md2bd581a.backdrop.min.js
dist/bower_components/angular-material/modules/closure/bottomSheet/bottomSheet.js [32m>> [39m45b78fd4.bottomSheet.js
dist/bower_components/angular-material/modules/closure/bottomSheet/bottomSheet.min.js [32m>> [39mf9ff923e.bottomSheet.min.js
dist/bower_components/angular-material/modules/closure/button/button.js [32m>> [39m4af9985b.button.js
dist/bower_components/angular-material/modules/closure/button/button.min.js [32m>> [39mb29681da.button.min.js
dist/bower_components/angular-material/modules/closure/card/card.js [32m>> [39m05830c15.card.js
dist/bower_components/angular-material/modules/closure/card/card.min.js [32m>> [39m86f2a8ca.card.min.js
dist/bower_components/angular-material/modules/closure/checkbox/checkbox.js [32m>> [39mafcb9d85.checkbox.js
dist/bower_components/angular-material/modules/closure/checkbox/checkbox.min.js [32m>> [39m832946cc.checkbox.min.js
dist/bower_components/angular-material/modules/closure/chips/chips.js [32m>> [39mbdb4563c.chips.js
dist/bower_components/angular-material/modules/closure/chips/chips.min.js [32m>> [39mee4f3c8f.chips.min.js
dist/bower_components/angular-material/modules/closure/content/content.js [32m>> [39m3fbc6b70.content.js
dist/bower_components/angular-material/modules/closure/content/content.min.js [32m>> [39m95ccf057.content.min.js
dist/bower_components/angular-material/modules/closure/core/core.js [32m>> [39mf06c6c2b.core.js
dist/bower_components/angular-material/modules/closure/core/core.min.js [32m>> [39mde7b60e9.core.min.js
dist/bower_components/angular-material/modules/closure/core/default-theme.js [32m>> [39mb016c225.default-theme.js
dist/bower_components/angular-material/modules/closure/datepicker/datepicker.js [32m>> [39mb93a6d82.datepicker.js
dist/bower_components/angular-material/modules/closure/datepicker/datepicker.min.js [32m>> [39mce11b0a8.datepicker.min.js
dist/bower_components/angular-material/modules/closure/dialog/dialog.js [32m>> [39m5717ba5e.dialog.js
dist/bower_components/angular-material/modules/closure/dialog/dialog.min.js [32m>> [39m33ba2a35.dialog.min.js
dist/bower_components/angular-material/modules/closure/divider/divider.js [32m>> [39mc3c6f1df.divider.js
dist/bower_components/angular-material/modules/closure/divider/divider.min.js [32m>> [39m63597270.divider.min.js
dist/bower_components/angular-material/modules/closure/fabActions/fabActions.js [32m>> [39mf10665ca.fabActions.js
dist/bower_components/angular-material/modules/closure/fabActions/fabActions.min.js [32m>> [39m7a7bfc22.fabActions.min.js
dist/bower_components/angular-material/modules/closure/fabSpeedDial/fabSpeedDial.js [32m>> [39ma64f04c8.fabSpeedDial.js
dist/bower_components/angular-material/modules/closure/fabSpeedDial/fabSpeedDial.min.js [32m>> [39mbd98451a.fabSpeedDial.min.js
dist/bower_components/angular-material/modules/closure/fabToolbar/fabToolbar.js [32m>> [39mbf6bbad7.fabToolbar.js
dist/bower_components/angular-material/modules/closure/fabToolbar/fabToolbar.min.js [32m>> [39m94045f86.fabToolbar.min.js
dist/bower_components/angular-material/modules/closure/fabTrigger/fabTrigger.js [32m>> [39ma1494870.fabTrigger.js
dist/bower_components/angular-material/modules/closure/fabTrigger/fabTrigger.min.js [32m>> [39m2f8fbf67.fabTrigger.min.js
dist/bower_components/angular-material/modules/closure/gridList/gridList.js [32m>> [39m530c8c38.gridList.js
dist/bower_components/angular-material/modules/closure/gridList/gridList.min.js [32m>> [39ma025126f.gridList.min.js
dist/bower_components/angular-material/modules/closure/icon/icon.js [32m>> [39m937ffc4b.icon.js
dist/bower_components/angular-material/modules/closure/icon/icon.min.js [32m>> [39m8110395f.icon.min.js
dist/bower_components/angular-material/modules/closure/input/input.js [32m>> [39m4f3f8a24.input.js
dist/bower_components/angular-material/modules/closure/input/input.min.js [32m>> [39m685bb79d.input.min.js
dist/bower_components/angular-material/modules/closure/list/list.js [32m>> [39m535cb1e6.list.js
dist/bower_components/angular-material/modules/closure/list/list.min.js [32m>> [39md6778522.list.min.js
dist/bower_components/angular-material/modules/closure/menu/menu.js [32m>> [39m818ea10a.menu.js
dist/bower_components/angular-material/modules/closure/menu/menu.min.js [32m>> [39m0bb400cc.menu.min.js
dist/bower_components/angular-material/modules/closure/menuBar/menuBar.js [32m>> [39m99af3adb.menuBar.js
dist/bower_components/angular-material/modules/closure/menuBar/menuBar.min.js [32m>> [39m377c2efe.menuBar.min.js
dist/bower_components/angular-material/modules/closure/progressCircular/progressCircular.js [32m>> [39m61a059dd.progressCircular.js
dist/bower_components/angular-material/modules/closure/progressCircular/progressCircular.min.js [32m>> [39ma24e2f94.progressCircular.min.js
dist/bower_components/angular-material/modules/closure/progressLinear/progressLinear.js [32m>> [39mc5425732.progressLinear.js
dist/bower_components/angular-material/modules/closure/progressLinear/progressLinear.min.js [32m>> [39mbc3370aa.progressLinear.min.js
dist/bower_components/angular-material/modules/closure/radioButton/radioButton.js [32m>> [39m1b9c6235.radioButton.js
dist/bower_components/angular-material/modules/closure/radioButton/radioButton.min.js [32m>> [39me16edfc7.radioButton.min.js
dist/bower_components/angular-material/modules/closure/select/select.js [32m>> [39me7ac6f2c.select.js
dist/bower_components/angular-material/modules/closure/select/select.min.js [32m>> [39md577a5c5.select.min.js
dist/bower_components/angular-material/modules/closure/sidenav/sidenav.js [32m>> [39m597504e5.sidenav.js
dist/bower_components/angular-material/modules/closure/sidenav/sidenav.min.js [32m>> [39m2ebb32d5.sidenav.min.js
dist/bower_components/angular-material/modules/closure/slider/slider.js [32m>> [39mf2513209.slider.js
dist/bower_components/angular-material/modules/closure/slider/slider.min.js [32m>> [39mdf6e7b51.slider.min.js
dist/bower_components/angular-material/modules/closure/sticky/sticky.js [32m>> [39md1f38354.sticky.js
dist/bower_components/angular-material/modules/closure/sticky/sticky.min.js [32m>> [39ma5a44394.sticky.min.js
dist/bower_components/angular-material/modules/closure/subheader/subheader.js [32m>> [39m3dffc20f.subheader.js
dist/bower_components/angular-material/modules/closure/subheader/subheader.min.js [32m>> [39m77a42bef.subheader.min.js
dist/bower_components/angular-material/modules/closure/swipe/swipe.js [32m>> [39mf712dfef.swipe.js
dist/bower_components/angular-material/modules/closure/swipe/swipe.min.js [32m>> [39mea1c53da.swipe.min.js
dist/bower_components/angular-material/modules/closure/switch/switch.js [32m>> [39m69351d6f.switch.js
dist/bower_components/angular-material/modules/closure/switch/switch.min.js [32m>> [39m5303dd68.switch.min.js
dist/bower_components/angular-material/modules/closure/tabs/tabs.js [32m>> [39mb682e426.tabs.js
dist/bower_components/angular-material/modules/closure/tabs/tabs.min.js [32m>> [39mcad1c583.tabs.min.js
dist/bower_components/angular-material/modules/closure/textField/textField.js [32m>> [39m08e5041b.textField.js
dist/bower_components/angular-material/modules/closure/toast/toast.js [32m>> [39mc967652e.toast.js
dist/bower_components/angular-material/modules/closure/toast/toast.min.js [32m>> [39m63394410.toast.min.js
dist/bower_components/angular-material/modules/closure/toolbar/toolbar.js [32m>> [39m93949710.toolbar.js
dist/bower_components/angular-material/modules/closure/toolbar/toolbar.min.js [32m>> [39m39ca2645.toolbar.min.js
dist/bower_components/angular-material/modules/closure/tooltip/tooltip.js [32m>> [39m9b90b147.tooltip.js
dist/bower_components/angular-material/modules/closure/tooltip/tooltip.min.js [32m>> [39m4e273645.tooltip.min.js
dist/bower_components/angular-material/modules/closure/virtualRepeat/virtualRepeat.js [32m>> [39m553fcdc8.virtualRepeat.js
dist/bower_components/angular-material/modules/closure/virtualRepeat/virtualRepeat.min.js [32m>> [39m7ff2b0bb.virtualRepeat.min.js
dist/bower_components/angular-material/modules/closure/whiteframe/whiteframe.js [32m>> [39mced5baa9.whiteframe.js
dist/bower_components/angular-material/modules/closure/whiteframe/whiteframe.min.js [32m>> [39me3f0fc2b.whiteframe.min.js
dist/bower_components/angular-material/modules/js/autocomplete/autocomplete.js [32m>> [39mceeb0a48.autocomplete.js
dist/bower_components/angular-material/modules/js/autocomplete/autocomplete.min.js [32m>> [39m6f4faff7.autocomplete.min.js
dist/bower_components/angular-material/modules/js/backdrop/backdrop.js [32m>> [39mfd0a4980.backdrop.js
dist/bower_components/angular-material/modules/js/backdrop/backdrop.min.js [32m>> [39m0c03e1cf.backdrop.min.js
dist/bower_components/angular-material/modules/js/bottomSheet/bottomSheet.js [32m>> [39m61e01c82.bottomSheet.js
dist/bower_components/angular-material/modules/js/bottomSheet/bottomSheet.min.js [32m>> [39m689685ca.bottomSheet.min.js
dist/bower_components/angular-material/modules/js/button/button.js [32m>> [39m67d71c8e.button.js
dist/bower_components/angular-material/modules/js/button/button.min.js [32m>> [39me30c0b16.button.min.js
dist/bower_components/angular-material/modules/js/card/card.js [32m>> [39m143ac158.card.js
dist/bower_components/angular-material/modules/js/card/card.min.js [32m>> [39m07341ca8.card.min.js
dist/bower_components/angular-material/modules/js/checkbox/checkbox.js [32m>> [39m99543e03.checkbox.js
dist/bower_components/angular-material/modules/js/checkbox/checkbox.min.js [32m>> [39mbb5c1d2e.checkbox.min.js
dist/bower_components/angular-material/modules/js/chips/chips.js [32m>> [39mfe7f24a5.chips.js
dist/bower_components/angular-material/modules/js/chips/chips.min.js [32m>> [39m97134299.chips.min.js
dist/bower_components/angular-material/modules/js/content/content.js [32m>> [39m95b88695.content.js
dist/bower_components/angular-material/modules/js/content/content.min.js [32m>> [39md131711f.content.min.js
dist/bower_components/angular-material/modules/js/core/core.js [32m>> [39md0e0964f.core.js
dist/bower_components/angular-material/modules/js/core/core.min.js [32m>> [39mc9d170e7.core.min.js
dist/bower_components/angular-material/modules/js/core/default-theme.js [32m>> [39mb016c225.default-theme.js
dist/bower_components/angular-material/modules/js/datepicker/datepicker.js [32m>> [39m45430afb.datepicker.js
dist/bower_components/angular-material/modules/js/datepicker/datepicker.min.js [32m>> [39mdbfa4c08.datepicker.min.js
dist/bower_components/angular-material/modules/js/dialog/dialog.js [32m>> [39m08d75f34.dialog.js
dist/bower_components/angular-material/modules/js/dialog/dialog.min.js [32m>> [39med7c01f4.dialog.min.js
dist/bower_components/angular-material/modules/js/divider/divider.js [32m>> [39m8bb44373.divider.js
dist/bower_components/angular-material/modules/js/divider/divider.min.js [32m>> [39m8c42b69a.divider.min.js
dist/bower_components/angular-material/modules/js/fabActions/fabActions.js [32m>> [39m41a58872.fabActions.js
dist/bower_components/angular-material/modules/js/fabActions/fabActions.min.js [32m>> [39m2c044149.fabActions.min.js
dist/bower_components/angular-material/modules/js/fabSpeedDial/fabSpeedDial.js [32m>> [39mfe5df30f.fabSpeedDial.js
dist/bower_components/angular-material/modules/js/fabSpeedDial/fabSpeedDial.min.js [32m>> [39m285c3485.fabSpeedDial.min.js
dist/bower_components/angular-material/modules/js/fabToolbar/fabToolbar.js [32m>> [39mea6a9eda.fabToolbar.js
dist/bower_components/angular-material/modules/js/fabToolbar/fabToolbar.min.js [32m>> [39m7fec1fca.fabToolbar.min.js
dist/bower_components/angular-material/modules/js/fabTrigger/fabTrigger.js [32m>> [39m02d32b25.fabTrigger.js
dist/bower_components/angular-material/modules/js/fabTrigger/fabTrigger.min.js [32m>> [39m87bd14ce.fabTrigger.min.js
dist/bower_components/angular-material/modules/js/gridList/gridList.js [32m>> [39me5491f44.gridList.js
dist/bower_components/angular-material/modules/js/gridList/gridList.min.js [32m>> [39mb44be71f.gridList.min.js
dist/bower_components/angular-material/modules/js/icon/icon.js [32m>> [39m49d56f83.icon.js
dist/bower_components/angular-material/modules/js/icon/icon.min.js [32m>> [39mc1ee2586.icon.min.js
dist/bower_components/angular-material/modules/js/input/input.js [32m>> [39m5b053ee8.input.js
dist/bower_components/angular-material/modules/js/input/input.min.js [32m>> [39m4ef60e3d.input.min.js
dist/bower_components/angular-material/modules/js/list/list.js [32m>> [39me21b5281.list.js
dist/bower_components/angular-material/modules/js/list/list.min.js [32m>> [39mbfb5f008.list.min.js
dist/bower_components/angular-material/modules/js/menu/menu.js [32m>> [39mac489a55.menu.js
dist/bower_components/angular-material/modules/js/menu/menu.min.js [32m>> [39m8ec811c1.menu.min.js
dist/bower_components/angular-material/modules/js/menuBar/menuBar.js [32m>> [39m9686c7e6.menuBar.js
dist/bower_components/angular-material/modules/js/menuBar/menuBar.min.js [32m>> [39m95a6caa1.menuBar.min.js
dist/bower_components/angular-material/modules/js/progressCircular/progressCircular.js [32m>> [39m4d66a3dc.progressCircular.js
dist/bower_components/angular-material/modules/js/progressCircular/progressCircular.min.js [32m>> [39m3c239ae0.progressCircular.min.js
dist/bower_components/angular-material/modules/js/progressLinear/progressLinear.js [32m>> [39ma54b196e.progressLinear.js
dist/bower_components/angular-material/modules/js/progressLinear/progressLinear.min.js [32m>> [39mc02c62c3.progressLinear.min.js
dist/bower_components/angular-material/modules/js/radioButton/radioButton.js [32m>> [39m48a9f53d.radioButton.js
dist/bower_components/angular-material/modules/js/radioButton/radioButton.min.js [32m>> [39m80596a4b.radioButton.min.js
dist/bower_components/angular-material/modules/js/select/select.js [32m>> [39mbf563b92.select.js
dist/bower_components/angular-material/modules/js/select/select.min.js [32m>> [39m2aacdca1.select.min.js
dist/bower_components/angular-material/modules/js/sidenav/sidenav.js [32m>> [39mf12074ec.sidenav.js
dist/bower_components/angular-material/modules/js/sidenav/sidenav.min.js [32m>> [39m1ce4e652.sidenav.min.js
dist/bower_components/angular-material/modules/js/slider/slider.js [32m>> [39mdf4c1cd4.slider.js
dist/bower_components/angular-material/modules/js/slider/slider.min.js [32m>> [39ma38abc3c.slider.min.js
dist/bower_components/angular-material/modules/js/sticky/sticky.js [32m>> [39m9fa67390.sticky.js
dist/bower_components/angular-material/modules/js/sticky/sticky.min.js [32m>> [39m4d5be37e.sticky.min.js
dist/bower_components/angular-material/modules/js/subheader/subheader.js [32m>> [39m3186b0cb.subheader.js
dist/bower_components/angular-material/modules/js/subheader/subheader.min.js [32m>> [39ma2bdad68.subheader.min.js
dist/bower_components/angular-material/modules/js/swipe/swipe.js [32m>> [39m5595850f.swipe.js
dist/bower_components/angular-material/modules/js/swipe/swipe.min.js [32m>> [39m3d50a908.swipe.min.js
dist/bower_components/angular-material/modules/js/switch/switch.js [32m>> [39m6d5dd2cc.switch.js
dist/bower_components/angular-material/modules/js/switch/switch.min.js [32m>> [39m40639ba3.switch.min.js
dist/bower_components/angular-material/modules/js/tabs/tabs.js [32m>> [39mac4ff3af.tabs.js
dist/bower_components/angular-material/modules/js/tabs/tabs.min.js [32m>> [39m75f4d74c.tabs.min.js
dist/bower_components/angular-material/modules/js/textField/textField.js [32m>> [39m5e7f65bd.textField.js
dist/bower_components/angular-material/modules/js/textField/textField.min.js [32m>> [39m0c6b51ed.textField.min.js
dist/bower_components/angular-material/modules/js/toast/toast.js [32m>> [39mdf9d0ddf.toast.js
dist/bower_components/angular-material/modules/js/toast/toast.min.js [32m>> [39m82399a8f.toast.min.js
dist/bower_components/angular-material/modules/js/toolbar/toolbar.js [32m>> [39mfc34ec92.toolbar.js
dist/bower_components/angular-material/modules/js/toolbar/toolbar.min.js [32m>> [39mfe1742e1.toolbar.min.js
dist/bower_components/angular-material/modules/js/tooltip/tooltip.js [32m>> [39mac686d29.tooltip.js
dist/bower_components/angular-material/modules/js/tooltip/tooltip.min.js [32m>> [39m465a2fc5.tooltip.min.js
dist/bower_components/angular-material/modules/js/virtualRepeat/virtualRepeat.js [32m>> [39m8ea3009e.virtualRepeat.js
dist/bower_components/angular-material/modules/js/virtualRepeat/virtualRepeat.min.js [32m>> [39mc3315828.virtualRepeat.min.js
dist/bower_components/angular-material/modules/js/whiteframe/whiteframe.js [32m>> [39m4754e3ef.whiteframe.js
dist/bower_components/angular-material/modules/js/whiteframe/whiteframe.min.js [32m>> [39m4a152a92.whiteframe.min.js
dist/bower_components/angular-mocks/angular-mocks.js [32m>> [39mddfec3ed.angular-mocks.js
dist/bower_components/angular-mocks/ngAnimateMock.js [32m>> [39med7195f7.ngAnimateMock.js
dist/bower_components/angular-mocks/ngMock.js [32m>> [39m38d4e776.ngMock.js
dist/bower_components/angular-mocks/ngMockE2E.js [32m>> [39mafaf1848.ngMockE2E.js
dist/bower_components/angular-moment/Gruntfile.js [32m>> [39mf9f1e2ac.Gruntfile.js
dist/bower_components/angular-moment/angular-moment.js [32m>> [39mb4608101.angular-moment.js
dist/bower_components/angular-moment/angular-moment.min.js [32m>> [39mb19aac86.angular-moment.min.js
dist/bower_components/angular-moment/karma.conf.js [32m>> [39m51fa19df.karma.conf.js
dist/bower_components/angular-moment/tests.js [32m>> [39m3bc002bb.tests.js
dist/bower_components/angular-route/angular-route.js [32m>> [39mfa8252e4.angular-route.js
dist/bower_components/angular-route/angular-route.min.js [32m>> [39m0df4318c.angular-route.min.js
dist/bower_components/angular-route/index.js [32m>> [39ma3320f99.index.js
dist/bower_components/angular/angular.js [32m>> [39mc64c3dde.angular.js
dist/bower_components/angular/angular.min.js [32m>> [39m8c9ac3aa.angular.min.js
dist/bower_components/angular/index.js [32m>> [39m0d848853.index.js
dist/bower_components/angularjs-nvd3-directives/Gruntfile.js [32m>> [39m1f3cacb4.Gruntfile.js
dist/bower_components/angularjs-nvd3-directives/dist/angularjs-nvd3-directives.js [32m>> [39mc1b0705a.angularjs-nvd3-directives.js
dist/bower_components/angularjs-nvd3-directives/dist/angularjs-nvd3-directives.min.js [32m>> [39m1f137702.angularjs-nvd3-directives.min.js
dist/bower_components/angularjs-nvd3-directives/examples/js/angular-route.js [32m>> [39m121d7610.angular-route.js
dist/bower_components/angularjs-nvd3-directives/examples/js/angular.js [32m>> [39mfa300e23.angular.js
dist/bower_components/angularjs-nvd3-directives/examples/js/d3.js [32m>> [39m40bbe14a.d3.js
dist/bower_components/angularjs-nvd3-directives/examples/js/moment.js [32m>> [39m1106aa8c.moment.js
dist/bower_components/angularjs-nvd3-directives/examples/js/nv.d3.js [32m>> [39m25846521.nv.d3.js
dist/bower_components/angularjs-nvd3-directives/src/directives/intro.js [32m>> [39mfbea70a2.intro.js
dist/bower_components/angularjs-nvd3-directives/src/directives/legendDirectives.js [32m>> [39m956175fd.legendDirectives.js
dist/bower_components/angularjs-nvd3-directives/src/directives/nvD3AxisConfiguration.js [32m>> [39mbb66d4de.nvD3AxisConfiguration.js
dist/bower_components/angularjs-nvd3-directives/src/directives/nvD3Events.js [32m>> [39mad896916.nvD3Events.js
dist/bower_components/angularjs-nvd3-directives/src/directives/nvD3LegendConfiguration.js [32m>> [39m2c3ae594.nvD3LegendConfiguration.js
dist/bower_components/angularjs-nvd3-directives/src/directives/nvd3Directives.js [32m>> [39m90af0a83.nvd3Directives.js
dist/bower_components/angularjs-nvd3-directives/src/directives/outro.js [32m>> [39me80068fe.outro.js
dist/bower_components/d3/d3.js [32m>> [39m9bc6caca.d3.js
dist/bower_components/d3/d3.min.js [32m>> [39m1be4e36d.d3.min.js
dist/bower_components/html5-boilerplate/dist/js/main.js [32m>> [39md41d8cd9.main.js
dist/bower_components/html5-boilerplate/dist/js/plugins.js [32m>> [39m074c4c08.plugins.js
dist/bower_components/html5-boilerplate/dist/js/vendor/jquery-1.11.3.min.js [32m>> [39mf03e5a3b.jquery-1.11.3.min.js
dist/bower_components/html5-boilerplate/dist/js/vendor/modernizr-2.8.3.min.js [32m>> [39mda941a6e.modernizr-2.8.3.min.js
dist/bower_components/html5-boilerplate/gulpfile.js [32m>> [39med941d1c.gulpfile.js
dist/bower_components/html5-boilerplate/src/js/main.js [32m>> [39md41d8cd9.main.js
dist/bower_components/html5-boilerplate/src/js/plugins.js [32m>> [39m074c4c08.plugins.js
dist/bower_components/html5-boilerplate/src/js/vendor/modernizr-2.8.3.min.js [32m>> [39mda941a6e.modernizr-2.8.3.min.js
dist/bower_components/html5-boilerplate/test/file_content.js [32m>> [39m19efaabb.file_content.js
dist/bower_components/html5-boilerplate/test/file_existence.js [32m>> [39mc53db174.file_existence.js
dist/bower_components/moment/locale/af.js [32m>> [39m0227a227.af.js
dist/bower_components/moment/locale/ar-ma.js [32m>> [39m9ee39dac.ar-ma.js
dist/bower_components/moment/locale/ar-sa.js [32m>> [39m2a5bd108.ar-sa.js
dist/bower_components/moment/locale/ar-tn.js [32m>> [39mbc681f19.ar-tn.js
dist/bower_components/moment/locale/ar.js [32m>> [39m49101903.ar.js
dist/bower_components/moment/locale/az.js [32m>> [39me9a9d2ae.az.js
dist/bower_components/moment/locale/be.js [32m>> [39mb67a7c8a.be.js
dist/bower_components/moment/locale/bg.js [32m>> [39m88e58b23.bg.js
dist/bower_components/moment/locale/bn.js [32m>> [39m070f45d2.bn.js
dist/bower_components/moment/locale/bo.js [32m>> [39maab59973.bo.js
dist/bower_components/moment/locale/br.js [32m>> [39m402ab7ec.br.js
dist/bower_components/moment/locale/bs.js [32m>> [39m4837b94d.bs.js
dist/bower_components/moment/locale/ca.js [32m>> [39mfb8fe2f3.ca.js
dist/bower_components/moment/locale/cs.js [32m>> [39m9182f6b3.cs.js
dist/bower_components/moment/locale/cv.js [32m>> [39ma6bbe314.cv.js
dist/bower_components/moment/locale/cy.js [32m>> [39m751ed40c.cy.js
dist/bower_components/moment/locale/da.js [32m>> [39m8c536343.da.js
dist/bower_components/moment/locale/de-at.js [32m>> [39mc04eef7e.de-at.js
dist/bower_components/moment/locale/de.js [32m>> [39m89686ef3.de.js
dist/bower_components/moment/locale/el.js [32m>> [39m8fd698d4.el.js
dist/bower_components/moment/locale/en-au.js [32m>> [39m0fe05d0f.en-au.js
dist/bower_components/moment/locale/en-ca.js [32m>> [39me035f510.en-ca.js
dist/bower_components/moment/locale/en-gb.js [32m>> [39m70f012a2.en-gb.js
dist/bower_components/moment/locale/eo.js [32m>> [39mb10d4e6f.eo.js
dist/bower_components/moment/locale/es.js [32m>> [39m0980b6d2.es.js
dist/bower_components/moment/locale/et.js [32m>> [39m3c316fcc.et.js
dist/bower_components/moment/locale/eu.js [32m>> [39maa02e268.eu.js
dist/bower_components/moment/locale/fa.js [32m>> [39mc989fba1.fa.js
dist/bower_components/moment/locale/fi.js [32m>> [39m44376cee.fi.js
dist/bower_components/moment/locale/fo.js [32m>> [39m5d83ff18.fo.js
dist/bower_components/moment/locale/fr-ca.js [32m>> [39m343b5899.fr-ca.js
dist/bower_components/moment/locale/fr.js [32m>> [39m361bcfb6.fr.js
dist/bower_components/moment/locale/fy.js [32m>> [39m16489160.fy.js
dist/bower_components/moment/locale/gl.js [32m>> [39m03e98c5b.gl.js
dist/bower_components/moment/locale/he.js [32m>> [39m8c7ea86c.he.js
dist/bower_components/moment/locale/hi.js [32m>> [39m7c772cbf.hi.js
dist/bower_components/moment/locale/hr.js [32m>> [39m6ea156a3.hr.js
dist/bower_components/moment/locale/hu.js [32m>> [39mb5e01e38.hu.js
dist/bower_components/moment/locale/hy-am.js [32m>> [39mb99b70be.hy-am.js
dist/bower_components/moment/locale/id.js [32m>> [39ma8bca149.id.js
dist/bower_components/moment/locale/is.js [32m>> [39m8a2e5f55.is.js
dist/bower_components/moment/locale/it.js [32m>> [39mb17d9c38.it.js
dist/bower_components/moment/locale/ja.js [32m>> [39m029db87e.ja.js
dist/bower_components/moment/locale/jv.js [32m>> [39mcbfb5020.jv.js
dist/bower_components/moment/locale/ka.js [32m>> [39m6a23161f.ka.js
dist/bower_components/moment/locale/km.js [32m>> [39m2a278339.km.js
dist/bower_components/moment/locale/ko.js [32m>> [39m3b0668b7.ko.js
dist/bower_components/moment/locale/lb.js [32m>> [39m37b7005c.lb.js
dist/bower_components/moment/locale/lt.js [32m>> [39m7c8a1f97.lt.js
dist/bower_components/moment/locale/lv.js [32m>> [39mf949a45f.lv.js
dist/bower_components/moment/locale/me.js [32m>> [39m9e1138d3.me.js
dist/bower_components/moment/locale/mk.js [32m>> [39m3c5a19dd.mk.js
dist/bower_components/moment/locale/ml.js [32m>> [39mc06990e9.ml.js
dist/bower_components/moment/locale/mr.js [32m>> [39mcd1cdbe7.mr.js
dist/bower_components/moment/locale/ms-my.js [32m>> [39m75c75377.ms-my.js
dist/bower_components/moment/locale/ms.js [32m>> [39m7e37cd91.ms.js
dist/bower_components/moment/locale/my.js [32m>> [39ma3231d26.my.js
dist/bower_components/moment/locale/nb.js [32m>> [39mce1e2370.nb.js
dist/bower_components/moment/locale/ne.js [32m>> [39m1abc95f2.ne.js
dist/bower_components/moment/locale/nl.js [32m>> [39mb53c1c44.nl.js
dist/bower_components/moment/locale/nn.js [32m>> [39m27a9b605.nn.js
dist/bower_components/moment/locale/pl.js [32m>> [39m4d039369.pl.js
dist/bower_components/moment/locale/pt-br.js [32m>> [39ma8b6da5c.pt-br.js
dist/bower_components/moment/locale/pt.js [32m>> [39m55837fc3.pt.js
dist/bower_components/moment/locale/ro.js [32m>> [39m636d95cb.ro.js
dist/bower_components/moment/locale/ru.js [32m>> [39md155f75a.ru.js
dist/bower_components/moment/locale/si.js [32m>> [39m57fc11b3.si.js
dist/bower_components/moment/locale/sk.js [32m>> [39m209dc58f.sk.js
dist/bower_components/moment/locale/sl.js [32m>> [39mfd2f693a.sl.js
dist/bower_components/moment/locale/sq.js [32m>> [39ma54d5dc8.sq.js
dist/bower_components/moment/locale/sr-cyrl.js [32m>> [39m72688327.sr-cyrl.js
dist/bower_components/moment/locale/sr.js [32m>> [39mc64839d7.sr.js
dist/bower_components/moment/locale/sv.js [32m>> [39m537a09a0.sv.js
dist/bower_components/moment/locale/ta.js [32m>> [39mdd974937.ta.js
dist/bower_components/moment/locale/th.js [32m>> [39m77197877.th.js
dist/bower_components/moment/locale/tl-ph.js [32m>> [39mbd71fbb2.tl-ph.js
dist/bower_components/moment/locale/tr.js [32m>> [39m7084951f.tr.js
dist/bower_components/moment/locale/tzl.js [32m>> [39ma812a724.tzl.js
dist/bower_components/moment/locale/tzm-latn.js [32m>> [39mb9610c62.tzm-latn.js
dist/bower_components/moment/locale/tzm.js [32m>> [39m291a8606.tzm.js
dist/bower_components/moment/locale/uk.js [32m>> [39m664a44b2.uk.js
dist/bower_components/moment/locale/uz.js [32m>> [39mce4f7dc1.uz.js
dist/bower_components/moment/locale/vi.js [32m>> [39m0ca6f312.vi.js
dist/bower_components/moment/locale/zh-cn.js [32m>> [39m5a403e0e.zh-cn.js
dist/bower_components/moment/locale/zh-tw.js [32m>> [39m5c69faaa.zh-tw.js
dist/bower_components/moment/min/locales.js [32m>> [39me9e00f6e.locales.js
dist/bower_components/moment/min/locales.min.js [32m>> [39mee0331b4.locales.min.js
dist/bower_components/moment/min/moment-with-locales.js [32m>> [39m95c2316b.moment-with-locales.js
dist/bower_components/moment/min/moment-with-locales.min.js [32m>> [39m6c3701b1.moment-with-locales.min.js
dist/bower_components/moment/min/moment.min.js [32m>> [39m8c2def39.moment.min.js
dist/bower_components/moment/min/tests.js [32m>> [39m8431e836.tests.js
dist/bower_components/moment/moment.js [32m>> [39mcd9f0b2d.moment.js
dist/bower_components/moment/src/lib/create/check-overflow.js [32m>> [39mb6f73d24.check-overflow.js
dist/bower_components/moment/src/lib/create/date-from-array.js [32m>> [39m60dc28aa.date-from-array.js
dist/bower_components/moment/src/lib/create/from-anything.js [32m>> [39mecbef865.from-anything.js
dist/bower_components/moment/src/lib/create/from-array.js [32m>> [39m13159f46.from-array.js
dist/bower_components/moment/src/lib/create/from-object.js [32m>> [39mde6783a1.from-object.js
dist/bower_components/moment/src/lib/create/from-string-and-array.js [32m>> [39ma319461e.from-string-and-array.js
dist/bower_components/moment/src/lib/create/from-string-and-format.js [32m>> [39m5b16d251.from-string-and-format.js
dist/bower_components/moment/src/lib/create/from-string.js [32m>> [39m62a626e0.from-string.js
dist/bower_components/moment/src/lib/create/local.js [32m>> [39m227aa9c1.local.js
dist/bower_components/moment/src/lib/create/parsing-flags.js [32m>> [39m3c6e9df0.parsing-flags.js
dist/bower_components/moment/src/lib/create/utc.js [32m>> [39m0ac07380.utc.js
dist/bower_components/moment/src/lib/create/valid.js [32m>> [39m5d980fc1.valid.js
dist/bower_components/moment/src/lib/duration/abs.js [32m>> [39mdfcc9d16.abs.js
dist/bower_components/moment/src/lib/duration/add-subtract.js [32m>> [39mfd2fc142.add-subtract.js
dist/bower_components/moment/src/lib/duration/as.js [32m>> [39mddd9de09.as.js
dist/bower_components/moment/src/lib/duration/bubble.js [32m>> [39m6669ac75.bubble.js
dist/bower_components/moment/src/lib/duration/constructor.js [32m>> [39m074c84e0.constructor.js
dist/bower_components/moment/src/lib/duration/create.js [32m>> [39mc2c57f4f.create.js
dist/bower_components/moment/src/lib/duration/duration.js [32m>> [39mb056abc7.duration.js
dist/bower_components/moment/src/lib/duration/get.js [32m>> [39m33ac5d79.get.js
dist/bower_components/moment/src/lib/duration/humanize.js [32m>> [39m67effac2.humanize.js
dist/bower_components/moment/src/lib/duration/iso-string.js [32m>> [39m55da282b.iso-string.js
dist/bower_components/moment/src/lib/duration/prototype.js [32m>> [39mf0ab7043.prototype.js
dist/bower_components/moment/src/lib/format/format.js [32m>> [39m82ca61eb.format.js
dist/bower_components/moment/src/lib/locale/calendar.js [32m>> [39mc7299e9c.calendar.js
dist/bower_components/moment/src/lib/locale/constructor.js [32m>> [39m340431be.constructor.js
dist/bower_components/moment/src/lib/locale/en.js [32m>> [39mdcab757c.en.js
dist/bower_components/moment/src/lib/locale/formats.js [32m>> [39m76cb1dda.formats.js
dist/bower_components/moment/src/lib/locale/invalid.js [32m>> [39m307508bb.invalid.js
dist/bower_components/moment/src/lib/locale/lists.js [32m>> [39m0a58d975.lists.js
dist/bower_components/moment/src/lib/locale/locale.js [32m>> [39m77d1c44c.locale.js
dist/bower_components/moment/src/lib/locale/locales.js [32m>> [39m52d15f6c.locales.js
dist/bower_components/moment/src/lib/locale/ordinal.js [32m>> [39md5825c8b.ordinal.js
dist/bower_components/moment/src/lib/locale/pre-post-format.js [32m>> [39m931294a5.pre-post-format.js
dist/bower_components/moment/src/lib/locale/prototype.js [32m>> [39mb5551b86.prototype.js
dist/bower_components/moment/src/lib/locale/relative.js [32m>> [39m9b8c11a8.relative.js
dist/bower_components/moment/src/lib/locale/set.js [32m>> [39m5459876c.set.js
dist/bower_components/moment/src/lib/moment/add-subtract.js [32m>> [39mf9bedaac.add-subtract.js
dist/bower_components/moment/src/lib/moment/calendar.js [32m>> [39m9c0a2fe8.calendar.js
dist/bower_components/moment/src/lib/moment/clone.js [32m>> [39md0470b1e.clone.js
dist/bower_components/moment/src/lib/moment/compare.js [32m>> [39mf33069d0.compare.js
dist/bower_components/moment/src/lib/moment/constructor.js [32m>> [39md1ee4d8e.constructor.js
dist/bower_components/moment/src/lib/moment/diff.js [32m>> [39m0ca31169.diff.js
dist/bower_components/moment/src/lib/moment/format.js [32m>> [39m5f819857.format.js
dist/bower_components/moment/src/lib/moment/from.js [32m>> [39m71471447.from.js
dist/bower_components/moment/src/lib/moment/get-set.js [32m>> [39m1b763aed.get-set.js
dist/bower_components/moment/src/lib/moment/locale.js [32m>> [39m18a1e3f0.locale.js
dist/bower_components/moment/src/lib/moment/min-max.js [32m>> [39m4b590310.min-max.js
dist/bower_components/moment/src/lib/moment/moment.js [32m>> [39m65d875d0.moment.js
dist/bower_components/moment/src/lib/moment/prototype.js [32m>> [39m7e60e535.prototype.js
dist/bower_components/moment/src/lib/moment/start-end-of.js [32m>> [39m0481736c.start-end-of.js
dist/bower_components/moment/src/lib/moment/to-type.js [32m>> [39m8cf3d953.to-type.js
dist/bower_components/moment/src/lib/moment/to.js [32m>> [39mb8f5e979.to.js
dist/bower_components/moment/src/lib/moment/valid.js [32m>> [39m0650c1c6.valid.js
dist/bower_components/moment/src/lib/parse/regex.js [32m>> [39m14f0ec45.regex.js
dist/bower_components/moment/src/lib/parse/token.js [32m>> [39m9bada618.token.js
dist/bower_components/moment/src/lib/units/aliases.js [32m>> [39ma68b211e.aliases.js
dist/bower_components/moment/src/lib/units/constants.js [32m>> [39ma2ade034.constants.js
dist/bower_components/moment/src/lib/units/day-of-month.js [32m>> [39m6792b63c.day-of-month.js
dist/bower_components/moment/src/lib/units/day-of-week.js [32m>> [39md9e54396.day-of-week.js
dist/bower_components/moment/src/lib/units/day-of-year.js [32m>> [39m86c6942e.day-of-year.js
dist/bower_components/moment/src/lib/units/hour.js [32m>> [39mc07c95ff.hour.js
dist/bower_components/moment/src/lib/units/millisecond.js [32m>> [39m1c20c4d2.millisecond.js
dist/bower_components/moment/src/lib/units/minute.js [32m>> [39m08fac724.minute.js
dist/bower_components/moment/src/lib/units/month.js [32m>> [39m640c3088.month.js
dist/bower_components/moment/src/lib/units/offset.js [32m>> [39m1b55fac7.offset.js
dist/bower_components/moment/src/lib/units/quarter.js [32m>> [39m6b933353.quarter.js
dist/bower_components/moment/src/lib/units/second.js [32m>> [39meaf30609.second.js
dist/bower_components/moment/src/lib/units/timestamp.js [32m>> [39m50a833ae.timestamp.js
dist/bower_components/moment/src/lib/units/timezone.js [32m>> [39mbff6a81d.timezone.js
dist/bower_components/moment/src/lib/units/units.js [32m>> [39m0ef11c01.units.js
dist/bower_components/moment/src/lib/units/week-year.js [32m>> [39ma619ad97.week-year.js
dist/bower_components/moment/src/lib/units/week.js [32m>> [39md2e37f63.week.js
dist/bower_components/moment/src/lib/units/year.js [32m>> [39mdefc55ea.year.js
dist/bower_components/moment/src/lib/utils/abs-ceil.js [32m>> [39m64639c9f.abs-ceil.js
dist/bower_components/moment/src/lib/utils/abs-floor.js [32m>> [39m2e6c72b4.abs-floor.js
dist/bower_components/moment/src/lib/utils/compare-arrays.js [32m>> [39m8fd2b3e0.compare-arrays.js
dist/bower_components/moment/src/lib/utils/defaults.js [32m>> [39m504e992d.defaults.js
dist/bower_components/moment/src/lib/utils/deprecate.js [32m>> [39m6f5c7424.deprecate.js
dist/bower_components/moment/src/lib/utils/extend.js [32m>> [39mff526cdd.extend.js
dist/bower_components/moment/src/lib/utils/has-own-prop.js [32m>> [39mfc779a8b.has-own-prop.js
dist/bower_components/moment/src/lib/utils/hooks.js [32m>> [39mb3dab55b.hooks.js
dist/bower_components/moment/src/lib/utils/is-array.js [32m>> [39m26bf8420.is-array.js
dist/bower_components/moment/src/lib/utils/is-date.js [32m>> [39m0181e6bd.is-date.js
dist/bower_components/moment/src/lib/utils/map.js [32m>> [39m0aa4d21f.map.js
dist/bower_components/moment/src/lib/utils/to-int.js [32m>> [39m88db30d9.to-int.js
dist/bower_components/moment/src/lib/utils/zero-fill.js [32m>> [39m71ddff4e.zero-fill.js
dist/bower_components/moment/src/locale/af.js [32m>> [39mb467dfaf.af.js
dist/bower_components/moment/src/locale/ar-ma.js [32m>> [39m1484ae0c.ar-ma.js
dist/bower_components/moment/src/locale/ar-sa.js [32m>> [39m92899133.ar-sa.js
dist/bower_components/moment/src/locale/ar-tn.js [32m>> [39me7b907f6.ar-tn.js
dist/bower_components/moment/src/locale/ar.js [32m>> [39mb171f66c.ar.js
dist/bower_components/moment/src/locale/az.js [32m>> [39m5d2d3c7c.az.js
dist/bower_components/moment/src/locale/be.js [32m>> [39m3042ed29.be.js
dist/bower_components/moment/src/locale/bg.js [32m>> [39mcd8e4db2.bg.js
dist/bower_components/moment/src/locale/bn.js [32m>> [39m7f57a84c.bn.js
dist/bower_components/moment/src/locale/bo.js [32m>> [39m45d3f473.bo.js
dist/bower_components/moment/src/locale/br.js [32m>> [39m4d0e2b95.br.js
dist/bower_components/moment/src/locale/bs.js [32m>> [39m821f48ef.bs.js
dist/bower_components/moment/src/locale/ca.js [32m>> [39m00292f13.ca.js
dist/bower_components/moment/src/locale/cs.js [32m>> [39m4096591b.cs.js
dist/bower_components/moment/src/locale/cv.js [32m>> [39m899dd596.cv.js
dist/bower_components/moment/src/locale/cy.js [32m>> [39me9240ae9.cy.js
dist/bower_components/moment/src/locale/da.js [32m>> [39m1a7bc9e5.da.js
dist/bower_components/moment/src/locale/de-at.js [32m>> [39md3e0df7d.de-at.js
dist/bower_components/moment/src/locale/de.js [32m>> [39m63edcd67.de.js
dist/bower_components/moment/src/locale/el.js [32m>> [39m26e3ce5e.el.js
dist/bower_components/moment/src/locale/en-au.js [32m>> [39m7d551695.en-au.js
dist/bower_components/moment/src/locale/en-ca.js [32m>> [39m079f4ae9.en-ca.js
dist/bower_components/moment/src/locale/en-gb.js [32m>> [39mb038cadf.en-gb.js
dist/bower_components/moment/src/locale/eo.js [32m>> [39m81426135.eo.js
dist/bower_components/moment/src/locale/es.js [32m>> [39m75a8f1c9.es.js
dist/bower_components/moment/src/locale/et.js [32m>> [39m4420eff1.et.js
dist/bower_components/moment/src/locale/eu.js [32m>> [39mdb71c903.eu.js
dist/bower_components/moment/src/locale/fa.js [32m>> [39m1a0ca3d5.fa.js
dist/bower_components/moment/src/locale/fi.js [32m>> [39mbbaa0bfe.fi.js
dist/bower_components/moment/src/locale/fo.js [32m>> [39mfcea728e.fo.js
dist/bower_components/moment/src/locale/fr-ca.js [32m>> [39m00e1c0cb.fr-ca.js
dist/bower_components/moment/src/locale/fr.js [32m>> [39me6128dba.fr.js
dist/bower_components/moment/src/locale/fy.js [32m>> [39m47bc510d.fy.js
dist/bower_components/moment/src/locale/gl.js [32m>> [39m8af18823.gl.js
dist/bower_components/moment/src/locale/he.js [32m>> [39md897012b.he.js
dist/bower_components/moment/src/locale/hi.js [32m>> [39mfd0477e5.hi.js
dist/bower_components/moment/src/locale/hr.js [32m>> [39mcc70e4a7.hr.js
dist/bower_components/moment/src/locale/hu.js [32m>> [39m74f3d74a.hu.js
dist/bower_components/moment/src/locale/hy-am.js [32m>> [39maac238eb.hy-am.js
dist/bower_components/moment/src/locale/id.js [32m>> [39md614e8a9.id.js
dist/bower_components/moment/src/locale/is.js [32m>> [39m42fcfbb4.is.js
dist/bower_components/moment/src/locale/it.js [32m>> [39mf1b12428.it.js
dist/bower_components/moment/src/locale/ja.js [32m>> [39m94b4ee37.ja.js
dist/bower_components/moment/src/locale/jv.js [32m>> [39m46f09c00.jv.js
dist/bower_components/moment/src/locale/ka.js [32m>> [39m036e421c.ka.js
dist/bower_components/moment/src/locale/km.js [32m>> [39ma91637a8.km.js
dist/bower_components/moment/src/locale/ko.js [32m>> [39mcc7c07c9.ko.js
dist/bower_components/moment/src/locale/lb.js [32m>> [39md0c86907.lb.js
dist/bower_components/moment/src/locale/lt.js [32m>> [39mf412a218.lt.js
dist/bower_components/moment/src/locale/lv.js [32m>> [39m53a5bd05.lv.js
dist/bower_components/moment/src/locale/me.js [32m>> [39m193fefc2.me.js
dist/bower_components/moment/src/locale/mk.js [32m>> [39m0de81b82.mk.js
dist/bower_components/moment/src/locale/ml.js [32m>> [39ma601790a.ml.js
dist/bower_components/moment/src/locale/mr.js [32m>> [39m7f15f390.mr.js
dist/bower_components/moment/src/locale/ms-my.js [32m>> [39m9a024c21.ms-my.js
dist/bower_components/moment/src/locale/ms.js [32m>> [39md4daa19a.ms.js
dist/bower_components/moment/src/locale/my.js [32m>> [39ma53a2a7e.my.js
dist/bower_components/moment/src/locale/nb.js [32m>> [39mdd0e4be2.nb.js
dist/bower_components/moment/src/locale/ne.js [32m>> [39md2407044.ne.js
dist/bower_components/moment/src/locale/nl.js [32m>> [39m9e6b89af.nl.js
dist/bower_components/moment/src/locale/nn.js [32m>> [39mdbe73dac.nn.js
dist/bower_components/moment/src/locale/pl.js [32m>> [39mc5e82b06.pl.js
dist/bower_components/moment/src/locale/pt-br.js [32m>> [39m17141aab.pt-br.js
dist/bower_components/moment/src/locale/pt.js [32m>> [39m1a788bb3.pt.js
dist/bower_components/moment/src/locale/ro.js [32m>> [39md263d30d.ro.js
dist/bower_components/moment/src/locale/ru.js [32m>> [39mfc916948.ru.js
dist/bower_components/moment/src/locale/si.js [32m>> [39mec0f441f.si.js
dist/bower_components/moment/src/locale/sk.js [32m>> [39m9d49deae.sk.js
dist/bower_components/moment/src/locale/sl.js [32m>> [39m897d075c.sl.js
dist/bower_components/moment/src/locale/sq.js [32m>> [39m2a2ccf69.sq.js
dist/bower_components/moment/src/locale/sr-cyrl.js [32m>> [39m08b1f45b.sr-cyrl.js
dist/bower_components/moment/src/locale/sr.js [32m>> [39m2592c565.sr.js
dist/bower_components/moment/src/locale/sv.js [32m>> [39m8457ca39.sv.js
dist/bower_components/moment/src/locale/ta.js [32m>> [39mc1f75cb1.ta.js
dist/bower_components/moment/src/locale/th.js [32m>> [39m392a0255.th.js
dist/bower_components/moment/src/locale/tl-ph.js [32m>> [39md63ee843.tl-ph.js
dist/bower_components/moment/src/locale/tr.js [32m>> [39mfe5546ec.tr.js
dist/bower_components/moment/src/locale/tzl.js [32m>> [39m3d4af5fc.tzl.js
dist/bower_components/moment/src/locale/tzm-latn.js [32m>> [39m9112a889.tzm-latn.js
dist/bower_components/moment/src/locale/tzm.js [32m>> [39md763188f.tzm.js
dist/bower_components/moment/src/locale/uk.js [32m>> [39m220e26a1.uk.js
dist/bower_components/moment/src/locale/uz.js [32m>> [39m4fd36103.uz.js
dist/bower_components/moment/src/locale/vi.js [32m>> [39m5a30ba10.vi.js
dist/bower_components/moment/src/locale/zh-cn.js [32m>> [39m83a0f5bc.zh-cn.js
dist/bower_components/moment/src/locale/zh-tw.js [32m>> [39mefffd7f9.zh-tw.js
dist/bower_components/moment/src/moment.js [32m>> [39mc19287f8.moment.js
dist/bower_components/moment/templates/amd-named.js [32m>> [39m2c43efa6.amd-named.js
dist/bower_components/moment/templates/amd.js [32m>> [39m1f31b1c7.amd.js
dist/bower_components/moment/templates/globals.js [32m>> [39m287f3b56.globals.js
dist/bower_components/moment/templates/locale-header.js [32m>> [39m406d6181.locale-header.js
dist/bower_components/moment/templates/test-header.js [32m>> [39m4c767118.test-header.js
dist/bower_components/ngstorage/ngStorage.js [32m>> [39m9ae28631.ngStorage.js
dist/bower_components/ngstorage/ngStorage.min.js [32m>> [39mc8617aa6.ngStorage.min.js
dist/bower_components/ngstorage/package.js [32m>> [39mc011c704.package.js
dist/bower_components/nvd3/GruntFile.js [32m>> [39m77e606a0.GruntFile.js
dist/bower_components/nvd3/nv.d3.js [32m>> [39m25846521.nv.d3.js
dist/bower_components/nvd3/nv.d3.min.js [32m>> [39m88799e26.nv.d3.min.js
dist/bower_components/underscore/underscore-min.js [32m>> [39m543feb1e.underscore-min.js
dist/bower_components/underscore/underscore.js [32m>> [39me0cd904b.underscore.js
dist/components/directives.js [32m>> [39m21fb89ec.directives.js
dist/components/filters.js [32m>> [39mf559f867.filters.js
dist/components/navbar/auth.js [32m>> [39md291af28.auth.js
dist/components/navbar/navbar.js [32m>> [39m31260c18.navbar.js
dist/components/services.js [32m>> [39m0118aef6.services.js
dist/css/quimby.min.css [32m>> [39m9d3d22dc.quimby.min.css
dist/gadget/device.js [32m>> [39m547462c1.device.js
dist/gadget/gadget.js [32m>> [39mddce4142.gadget.js
dist/gadget/method.js [32m>> [39m343a14e0.method.js
dist/history/history.js [32m>> [39m22e965dd.history.js
dist/js/quimby.min.js [32m>> [39m7e9c39d5.quimby.min.js
dist/list/list.js [32m>> [39m3fa6e704.list.js

[4mRunning "usemin:html" (usemin) task[24m

[1mProcessing as HTML - dist/index.html[22m
Update the HTML to reference our concat/min/revved script files
<script src="bower_components/html5-boilerplate/dist/js/vendor/modernizr-2.8.3.min.js" changed to <script src="bower_components/html5-boilerplate/dist/js/vendor/da941a6e.modernizr-2.8.3.min.js"
<script src="js/quimby.min.js" changed to <script src="js/7e9c39d5.quimby.min.js"
Update the HTML with the new css filenames
<link rel="stylesheet" href="css/quimby.min.css" changed to <link rel="stylesheet" href="css/9d3d22dc.quimby.min.css"
Update the HTML with the new img filenames
Update the HTML with data-main tags
Update the HTML with data-* tags
Update the HTML with background imgs, case there is some inline style
Update the HTML with anchors images
Update the HTML with reference in input

[32mDone, without errors.[39m
